<?xml version="1.0" encoding="UTF-8"?>
<coverage generated="1678640246447" clover="3.2.0">
  <project timestamp="1678640246448" name="All files">
    <metrics statements="21" coveredstatements="15" conditionals="6" coveredconditionals="4" methods="3" coveredmethods="2" elements="30" coveredelements="21" complexity="0" loc="21" ncloc="21" packages="1" files="1" classes="1"/>
    <file name="custom-array-map.js" path="D:\CODE\test-with-jest-on-stream\custom-array-map.js">
      <metrics statements="21" coveredstatements="15" conditionals="6" coveredconditionals="4" methods="3" coveredmethods="2"/>
      <line num="1" count="1" type="stmt"/>
      <line num="2" count="13" type="stmt"/>
      <line num="4" count="13" type="stmt"/>
      <line num="5" count="1" type="stmt"/>
      <line num="8" count="13" type="cond" truecount="2" falsecount="0"/>
      <line num="9" count="12" type="stmt"/>
      <line num="12" count="1" type="stmt"/>
      <line num="15" count="1" type="stmt"/>
      <line num="16" count="3" type="stmt"/>
      <line num="18" count="3" type="stmt"/>
      <line num="19" count="48" type="stmt"/>
      <line num="22" count="3" type="cond" truecount="2" falsecount="0"/>
      <line num="23" count="1" type="stmt"/>
      <line num="26" count="2" type="stmt"/>
      <line num="29" count="1" type="stmt"/>
      <line num="30" count="0" type="stmt"/>
      <line num="32" count="0" type="stmt"/>
      <line num="33" count="0" type="stmt"/>
      <line num="36" count="0" type="cond" truecount="0" falsecount="2"/>
      <line num="37" count="0" type="stmt"/>
      <line num="40" count="0" type="stmt"/>
    </file>
  </project>
</coverage>
